  [4;36;1mSQL (2.0ms)[0m   [0;1m SELECT name
 FROM sqlite_master
 WHERE type = 'table' AND NOT name = 'sqlite_sequence'
[0m
  [4;35;1mSQL (1.0ms)[0m   [0mselect sqlite_version(*)[0m
  [4;36;1mSQL (24.0ms)[0m   [0;1mCREATE TABLE "schema_migrations" ("version" varchar(255) NOT NULL) [0m
  [4;35;1mSQL (13.0ms)[0m   [0mCREATE UNIQUE INDEX "unique_schema_migrations" ON "schema_migrations" ("version")[0m
  [4;36;1mSQL (0.0ms)[0m   [0;1m SELECT name
 FROM sqlite_master
 WHERE type = 'table' AND NOT name = 'sqlite_sequence'
[0m
  [4;35;1mSQL (0.0ms)[0m   [0mSELECT version FROM schema_migrations[0m
Migrating to CreateUsers (20090613033127)
  [4;36;1mSQL (3.0ms)[0m   [0;1mCREATE TABLE "users" ("id" INTEGER PRIMARY KEY AUTOINCREMENT NOT NULL, "name" varchar(255), "email" varchar(255), "address" text, "active" boolean, "created_at" datetime, "updated_at" datetime) [0m
  [4;35;1mSQL (1.0ms)[0m   [0mINSERT INTO schema_migrations (version) VALUES ('20090613033127')[0m
  [4;36;1mSQL (0.0ms)[0m   [0;1m SELECT name
 FROM sqlite_master
 WHERE type = 'table' AND NOT name = 'sqlite_sequence'
[0m
  [4;35;1mSQL (1.0ms)[0m   [0mSELECT version FROM schema_migrations[0m
  [4;36;1mSQL (1.0ms)[0m   [0;1m SELECT name
 FROM sqlite_master
 WHERE type = 'table' AND NOT name = 'sqlite_sequence'
[0m
  [4;35;1mSQL (0.0ms)[0m   [0mPRAGMA index_list("users")[0m


Processing UsersController#index (for 127.0.0.1 at 2009-06-12 20:33:34) [GET]
  [4;36;1mUser Load (1.0ms)[0m   [0;1mSELECT * FROM "users" [0m
Rendering template within layouts/users
Rendering users/index
Completed in 5957ms (View: 5934, DB: 1) | 200 OK [http://localhost/users]


Processing UsersController#new (for 127.0.0.1 at 2009-06-12 20:33:43) [GET]
Rendering template within layouts/users
Rendering users/new
Completed in 52ms (View: 30, DB: 0) | 200 OK [http://localhost/users/new]


Processing UsersController#create (for 127.0.0.1 at 2009-06-12 20:34:20) [POST]
  Parameters: {"user"=>{"name"=>"Amy", "address"=>"1517 Waller", "active"=>"1", "email"=>"sidhene@gmail.com"}, "commit"=>"Create", "authenticity_token"=>"GYqbeehkSghX7Cq+bw+bSJ3GHxnYoCh1Qby7K7U2Fws="}
  [4;35;1mUser Create (4.0ms)[0m   [0mINSERT INTO "users" ("name", "updated_at", "address", "email", "active", "created_at") VALUES('Amy', '2009-06-13 03:34:20', '1517 Waller', 'sidhene@gmail.com', 't', '2009-06-13 03:34:20')[0m
Redirected to http://localhost:3000/users/1
Completed in 188ms (DB: 4) | 302 Found [http://localhost/users]


Processing UsersController#show (for 127.0.0.1 at 2009-06-12 20:34:20) [GET]
  Parameters: {"id"=>"1"}
  [4;36;1mUser Load (1.0ms)[0m   [0;1mSELECT * FROM "users" WHERE ("users"."id" = 1) [0m
Rendering template within layouts/users
Rendering users/show
Completed in 74ms (View: 36, DB: 1) | 200 OK [http://localhost/users/1]
